2023-09-03 10:54:45.285 [http-nio-9998-exec-7] ERROR com.atguigu.hospital.util.HttpUtil - java.io.FileNotFoundException: http://localhost:8201/api/hosp/schedule/list
java.io.FileNotFoundException: http://localhost:8201/api/hosp/schedule/list
	at sun.net.www.protocol.http.HttpURLConnection.getInputStream0(HttpURLConnection.java:1898)
	at sun.net.www.protocol.http.HttpURLConnection.getInputStream(HttpURLConnection.java:1500)
	at com.atguigu.hospital.util.HttpUtil.send(HttpUtil.java:65)
	at com.atguigu.hospital.util.HttpUtil.doPost(HttpUtil.java:28)
	at com.atguigu.hospital.util.HttpRequestHelper.sendRequest(HttpRequestHelper.java:98)
	at com.atguigu.hospital.service.impl.ApiServiceImpl.findSchedule(ApiServiceImpl.java:198)
	at com.atguigu.hospital.controller.ApiController.findSchedule(ApiController.java:134)
	at sun.reflect.NativeMethodAccessorImpl.invoke0(Native Method)
	at sun.reflect.NativeMethodAccessorImpl.invoke(NativeMethodAccessorImpl.java:62)
	at sun.reflect.DelegatingMethodAccessorImpl.invoke(DelegatingMethodAccessorImpl.java:43)
	at java.lang.reflect.Method.invoke(Method.java:498)
	at org.springframework.web.method.support.InvocableHandlerMethod.doInvoke(InvocableHandlerMethod.java:190)
	at org.springframework.web.method.support.InvocableHandlerMethod.invokeForRequest(InvocableHandlerMethod.java:138)
	at org.springframework.web.servlet.mvc.method.annotation.ServletInvocableHandlerMethod.invokeAndHandle(ServletInvocableHandlerMethod.java:106)
	at org.springframework.web.servlet.mvc.method.annotation.RequestMappingHandlerAdapter.invokeHandlerMethod(RequestMappingHandlerAdapter.java:888)
	at org.springframework.web.servlet.mvc.method.annotation.RequestMappingHandlerAdapter.handleInternal(RequestMappingHandlerAdapter.java:793)
	at org.springframework.web.servlet.mvc.method.AbstractHandlerMethodAdapter.handle(AbstractHandlerMethodAdapter.java:87)
	at org.springframework.web.servlet.DispatcherServlet.doDispatch(DispatcherServlet.java:1040)
	at org.springframework.web.servlet.DispatcherServlet.doService(DispatcherServlet.java:943)
	at org.springframework.web.servlet.FrameworkServlet.processRequest(FrameworkServlet.java:1006)
	at org.springframework.web.servlet.FrameworkServlet.doGet(FrameworkServlet.java:898)
	at javax.servlet.http.HttpServlet.service(HttpServlet.java:634)
	at org.springframework.web.servlet.FrameworkServlet.service(FrameworkServlet.java:883)
	at javax.servlet.http.HttpServlet.service(HttpServlet.java:741)
	at org.apache.catalina.core.ApplicationFilterChain.internalDoFilter(ApplicationFilterChain.java:231)
	at org.apache.catalina.core.ApplicationFilterChain.doFilter(ApplicationFilterChain.java:166)
	at org.apache.tomcat.websocket.server.WsFilter.doFilter(WsFilter.java:53)
	at org.apache.catalina.core.ApplicationFilterChain.internalDoFilter(ApplicationFilterChain.java:193)
	at org.apache.catalina.core.ApplicationFilterChain.doFilter(ApplicationFilterChain.java:166)
	at org.springframework.web.filter.RequestContextFilter.doFilterInternal(RequestContextFilter.java:100)
	at org.springframework.web.filter.OncePerRequestFilter.doFilter(OncePerRequestFilter.java:119)
	at org.apache.catalina.core.ApplicationFilterChain.internalDoFilter(ApplicationFilterChain.java:193)
	at org.apache.catalina.core.ApplicationFilterChain.doFilter(ApplicationFilterChain.java:166)
	at org.springframework.web.filter.FormContentFilter.doFilterInternal(FormContentFilter.java:93)
	at org.springframework.web.filter.OncePerRequestFilter.doFilter(OncePerRequestFilter.java:119)
	at org.apache.catalina.core.ApplicationFilterChain.internalDoFilter(ApplicationFilterChain.java:193)
	at org.apache.catalina.core.ApplicationFilterChain.doFilter(ApplicationFilterChain.java:166)
	at org.springframework.web.filter.CharacterEncodingFilter.doFilterInternal(CharacterEncodingFilter.java:201)
	at org.springframework.web.filter.OncePerRequestFilter.doFilter(OncePerRequestFilter.java:119)
	at org.apache.catalina.core.ApplicationFilterChain.internalDoFilter(ApplicationFilterChain.java:193)
	at org.apache.catalina.core.ApplicationFilterChain.doFilter(ApplicationFilterChain.java:166)
	at org.apache.catalina.core.StandardWrapperValve.invoke(StandardWrapperValve.java:202)
	at org.apache.catalina.core.StandardContextValve.invoke(StandardContextValve.java:96)
	at org.apache.catalina.authenticator.AuthenticatorBase.invoke(AuthenticatorBase.java:526)
	at org.apache.catalina.core.StandardHostValve.invoke(StandardHostValve.java:139)
	at org.apache.catalina.valves.ErrorReportValve.invoke(ErrorReportValve.java:92)
	at org.apache.catalina.core.StandardEngineValve.invoke(StandardEngineValve.java:74)
	at org.apache.catalina.connector.CoyoteAdapter.service(CoyoteAdapter.java:343)
	at org.apache.coyote.http11.Http11Processor.service(Http11Processor.java:408)
	at org.apache.coyote.AbstractProcessorLight.process(AbstractProcessorLight.java:66)
	at org.apache.coyote.AbstractProtocol$ConnectionHandler.process(AbstractProtocol.java:861)
	at org.apache.tomcat.util.net.NioEndpoint$SocketProcessor.doRun(NioEndpoint.java:1579)
	at org.apache.tomcat.util.net.SocketProcessorBase.run(SocketProcessorBase.java:49)
	at java.util.concurrent.ThreadPoolExecutor.runWorker(ThreadPoolExecutor.java:1149)
	at java.util.concurrent.ThreadPoolExecutor$Worker.run(ThreadPoolExecutor.java:624)
	at org.apache.tomcat.util.threads.TaskThread$WrappingRunnable.run(TaskThread.java:61)
	at java.lang.Thread.run(Thread.java:750)
2023-09-03 11:26:24.064 [restartedMain] ERROR org.springframework.boot.SpringApplication - Application run failed
java.lang.IllegalStateException: Logback configuration error detected: 
ERROR in ch.qos.logback.core.joran.spi.Interpreter@134:31 - no applicable action for [springProfile], current ElementPath  is [[configuration][springProfile]]
ERROR in ch.qos.logback.core.joran.spi.Interpreter@136:48 - no applicable action for [logger], current ElementPath  is [[configuration][springProfile][logger]]
ERROR in ch.qos.logback.core.joran.spi.Interpreter@143:28 - no applicable action for [root], current ElementPath  is [[configuration][springProfile][root]]
ERROR in ch.qos.logback.core.joran.spi.Interpreter@144:43 - no applicable action for [appender-ref], current ElementPath  is [[configuration][springProfile][root][appender-ref]]
ERROR in ch.qos.logback.core.joran.spi.Interpreter@145:45 - no applicable action for [appender-ref], current ElementPath  is [[configuration][springProfile][root][appender-ref]]
ERROR in ch.qos.logback.core.joran.spi.Interpreter@146:45 - no applicable action for [appender-ref], current ElementPath  is [[configuration][springProfile][root][appender-ref]]
ERROR in ch.qos.logback.core.joran.spi.Interpreter@147:46 - no applicable action for [appender-ref], current ElementPath  is [[configuration][springProfile][root][appender-ref]]
ERROR in ch.qos.logback.core.joran.spi.Interpreter@152:31 - no applicable action for [springProfile], current ElementPath  is [[configuration][springProfile]]
ERROR in ch.qos.logback.core.joran.spi.Interpreter@155:48 - no applicable action for [logger], current ElementPath  is [[configuration][springProfile][logger]]
ERROR in ch.qos.logback.core.joran.spi.Interpreter@157:28 - no applicable action for [root], current ElementPath  is [[configuration][springProfile][root]]
ERROR in ch.qos.logback.core.joran.spi.Interpreter@158:46 - no applicable action for [appender-ref], current ElementPath  is [[configuration][springProfile][root][appender-ref]]
ERROR in ch.qos.logback.core.joran.spi.Interpreter@159:45 - no applicable action for [appender-ref], current ElementPath  is [[configuration][springProfile][root][appender-ref]]
	at org.springframework.boot.logging.logback.LogbackLoggingSystem.loadConfiguration(LogbackLoggingSystem.java:169)
	at org.springframework.boot.logging.AbstractLoggingSystem.initializeWithConventions(AbstractLoggingSystem.java:80)
	at org.springframework.boot.logging.AbstractLoggingSystem.initialize(AbstractLoggingSystem.java:60)
	at org.springframework.boot.logging.logback.LogbackLoggingSystem.initialize(LogbackLoggingSystem.java:118)
	at org.springframework.boot.context.logging.LoggingApplicationListener.initializeSystem(LoggingApplicationListener.java:313)
	at org.springframework.boot.context.logging.LoggingApplicationListener.initialize(LoggingApplicationListener.java:288)
	at org.springframework.boot.context.logging.LoggingApplicationListener.onApplicationEnvironmentPreparedEvent(LoggingApplicationListener.java:246)
	at org.springframework.boot.context.logging.LoggingApplicationListener.onApplicationEvent(LoggingApplicationListener.java:223)
	at org.springframework.context.event.SimpleApplicationEventMulticaster.doInvokeListener(SimpleApplicationEventMulticaster.java:172)
	at org.springframework.context.event.SimpleApplicationEventMulticaster.invokeListener(SimpleApplicationEventMulticaster.java:165)
	at org.springframework.context.event.SimpleApplicationEventMulticaster.multicastEvent(SimpleApplicationEventMulticaster.java:139)
	at org.springframework.context.event.SimpleApplicationEventMulticaster.multicastEvent(SimpleApplicationEventMulticaster.java:127)
	at org.springframework.boot.context.event.EventPublishingRunListener.environmentPrepared(EventPublishingRunListener.java:76)
	at org.springframework.boot.SpringApplicationRunListeners.environmentPrepared(SpringApplicationRunListeners.java:53)
	at org.springframework.boot.SpringApplication.prepareEnvironment(SpringApplication.java:345)
	at org.springframework.boot.SpringApplication.run(SpringApplication.java:308)
	at org.springframework.boot.SpringApplication.run(SpringApplication.java:1226)
	at org.springframework.boot.SpringApplication.run(SpringApplication.java:1215)
	at com.atguigu.hospital.ManageApplication.main(ManageApplication.java:10)
	at sun.reflect.NativeMethodAccessorImpl.invoke0(Native Method)
	at sun.reflect.NativeMethodAccessorImpl.invoke(NativeMethodAccessorImpl.java:62)
	at sun.reflect.DelegatingMethodAccessorImpl.invoke(DelegatingMethodAccessorImpl.java:43)
	at java.lang.reflect.Method.invoke(Method.java:498)
	at org.springframework.boot.devtools.restart.RestartLauncher.run(RestartLauncher.java:49)
2023-09-03 11:54:51.324 [restartedMain] ERROR org.springframework.boot.SpringApplication - Application run failed
java.lang.IllegalStateException: Logback configuration error detected: 
ERROR in ch.qos.logback.core.rolling.RollingFileAppender[INFO_FILE] - Appender [INFO_FILE] failed to append. java.lang.NullPointerException
ERROR in ch.qos.logback.core.joran.spi.Interpreter@134:31 - no applicable action for [springProfile], current ElementPath  is [[configuration][springProfile]]
ERROR in ch.qos.logback.core.joran.spi.Interpreter@136:48 - no applicable action for [logger], current ElementPath  is [[configuration][springProfile][logger]]
ERROR in ch.qos.logback.core.joran.spi.Interpreter@143:28 - no applicable action for [root], current ElementPath  is [[configuration][springProfile][root]]
ERROR in ch.qos.logback.core.joran.spi.Interpreter@144:43 - no applicable action for [appender-ref], current ElementPath  is [[configuration][springProfile][root][appender-ref]]
ERROR in ch.qos.logback.core.joran.spi.Interpreter@145:45 - no applicable action for [appender-ref], current ElementPath  is [[configuration][springProfile][root][appender-ref]]
ERROR in ch.qos.logback.core.joran.spi.Interpreter@146:45 - no applicable action for [appender-ref], current ElementPath  is [[configuration][springProfile][root][appender-ref]]
ERROR in ch.qos.logback.core.joran.spi.Interpreter@147:46 - no applicable action for [appender-ref], current ElementPath  is [[configuration][springProfile][root][appender-ref]]
ERROR in ch.qos.logback.core.joran.spi.Interpreter@152:31 - no applicable action for [springProfile], current ElementPath  is [[configuration][springProfile]]
ERROR in ch.qos.logback.core.joran.spi.Interpreter@155:48 - no applicable action for [logger], current ElementPath  is [[configuration][springProfile][logger]]
ERROR in ch.qos.logback.core.joran.spi.Interpreter@157:28 - no applicable action for [root], current ElementPath  is [[configuration][springProfile][root]]
ERROR in ch.qos.logback.core.joran.spi.Interpreter@158:46 - no applicable action for [appender-ref], current ElementPath  is [[configuration][springProfile][root][appender-ref]]
ERROR in ch.qos.logback.core.joran.spi.Interpreter@159:45 - no applicable action for [appender-ref], current ElementPath  is [[configuration][springProfile][root][appender-ref]]
	at org.springframework.boot.logging.logback.LogbackLoggingSystem.loadConfiguration(LogbackLoggingSystem.java:169)
	at org.springframework.boot.logging.AbstractLoggingSystem.initializeWithConventions(AbstractLoggingSystem.java:80)
	at org.springframework.boot.logging.AbstractLoggingSystem.initialize(AbstractLoggingSystem.java:60)
	at org.springframework.boot.logging.logback.LogbackLoggingSystem.initialize(LogbackLoggingSystem.java:118)
	at org.springframework.boot.context.logging.LoggingApplicationListener.initializeSystem(LoggingApplicationListener.java:313)
	at org.springframework.boot.context.logging.LoggingApplicationListener.initialize(LoggingApplicationListener.java:288)
	at org.springframework.boot.context.logging.LoggingApplicationListener.onApplicationEnvironmentPreparedEvent(LoggingApplicationListener.java:246)
	at org.springframework.boot.context.logging.LoggingApplicationListener.onApplicationEvent(LoggingApplicationListener.java:223)
	at org.springframework.context.event.SimpleApplicationEventMulticaster.doInvokeListener(SimpleApplicationEventMulticaster.java:172)
	at org.springframework.context.event.SimpleApplicationEventMulticaster.invokeListener(SimpleApplicationEventMulticaster.java:165)
	at org.springframework.context.event.SimpleApplicationEventMulticaster.multicastEvent(SimpleApplicationEventMulticaster.java:139)
	at org.springframework.context.event.SimpleApplicationEventMulticaster.multicastEvent(SimpleApplicationEventMulticaster.java:127)
	at org.springframework.boot.context.event.EventPublishingRunListener.environmentPrepared(EventPublishingRunListener.java:76)
	at org.springframework.boot.SpringApplicationRunListeners.environmentPrepared(SpringApplicationRunListeners.java:53)
	at org.springframework.boot.SpringApplication.prepareEnvironment(SpringApplication.java:345)
	at org.springframework.boot.SpringApplication.run(SpringApplication.java:308)
	at org.springframework.boot.SpringApplication.run(SpringApplication.java:1226)
	at org.springframework.boot.SpringApplication.run(SpringApplication.java:1215)
	at com.atguigu.hospital.ManageApplication.main(ManageApplication.java:10)
	at sun.reflect.NativeMethodAccessorImpl.invoke0(Native Method)
	at sun.reflect.NativeMethodAccessorImpl.invoke(NativeMethodAccessorImpl.java:62)
	at sun.reflect.DelegatingMethodAccessorImpl.invoke(DelegatingMethodAccessorImpl.java:43)
	at java.lang.reflect.Method.invoke(Method.java:498)
	at org.springframework.boot.devtools.restart.RestartLauncher.run(RestartLauncher.java:49)
2023-09-03 12:00:35.177 [restartedMain] ERROR org.springframework.boot.SpringApplication - Application run failed
java.lang.IllegalStateException: Logback configuration error detected: 
ERROR in ch.qos.logback.core.joran.spi.Interpreter@134:31 - no applicable action for [springProfile], current ElementPath  is [[configuration][springProfile]]
ERROR in ch.qos.logback.core.joran.spi.Interpreter@136:48 - no applicable action for [logger], current ElementPath  is [[configuration][springProfile][logger]]
ERROR in ch.qos.logback.core.joran.spi.Interpreter@143:28 - no applicable action for [root], current ElementPath  is [[configuration][springProfile][root]]
ERROR in ch.qos.logback.core.joran.spi.Interpreter@144:43 - no applicable action for [appender-ref], current ElementPath  is [[configuration][springProfile][root][appender-ref]]
ERROR in ch.qos.logback.core.joran.spi.Interpreter@145:45 - no applicable action for [appender-ref], current ElementPath  is [[configuration][springProfile][root][appender-ref]]
ERROR in ch.qos.logback.core.joran.spi.Interpreter@146:45 - no applicable action for [appender-ref], current ElementPath  is [[configuration][springProfile][root][appender-ref]]
ERROR in ch.qos.logback.core.joran.spi.Interpreter@147:46 - no applicable action for [appender-ref], current ElementPath  is [[configuration][springProfile][root][appender-ref]]
ERROR in ch.qos.logback.core.joran.spi.Interpreter@152:31 - no applicable action for [springProfile], current ElementPath  is [[configuration][springProfile]]
ERROR in ch.qos.logback.core.joran.spi.Interpreter@155:48 - no applicable action for [logger], current ElementPath  is [[configuration][springProfile][logger]]
ERROR in ch.qos.logback.core.joran.spi.Interpreter@157:28 - no applicable action for [root], current ElementPath  is [[configuration][springProfile][root]]
ERROR in ch.qos.logback.core.joran.spi.Interpreter@158:46 - no applicable action for [appender-ref], current ElementPath  is [[configuration][springProfile][root][appender-ref]]
ERROR in ch.qos.logback.core.joran.spi.Interpreter@159:45 - no applicable action for [appender-ref], current ElementPath  is [[configuration][springProfile][root][appender-ref]]
	at org.springframework.boot.logging.logback.LogbackLoggingSystem.loadConfiguration(LogbackLoggingSystem.java:169)
	at org.springframework.boot.logging.AbstractLoggingSystem.initializeWithConventions(AbstractLoggingSystem.java:80)
	at org.springframework.boot.logging.AbstractLoggingSystem.initialize(AbstractLoggingSystem.java:60)
	at org.springframework.boot.logging.logback.LogbackLoggingSystem.initialize(LogbackLoggingSystem.java:118)
	at org.springframework.boot.context.logging.LoggingApplicationListener.initializeSystem(LoggingApplicationListener.java:313)
	at org.springframework.boot.context.logging.LoggingApplicationListener.initialize(LoggingApplicationListener.java:288)
	at org.springframework.boot.context.logging.LoggingApplicationListener.onApplicationEnvironmentPreparedEvent(LoggingApplicationListener.java:246)
	at org.springframework.boot.context.logging.LoggingApplicationListener.onApplicationEvent(LoggingApplicationListener.java:223)
	at org.springframework.context.event.SimpleApplicationEventMulticaster.doInvokeListener(SimpleApplicationEventMulticaster.java:172)
	at org.springframework.context.event.SimpleApplicationEventMulticaster.invokeListener(SimpleApplicationEventMulticaster.java:165)
	at org.springframework.context.event.SimpleApplicationEventMulticaster.multicastEvent(SimpleApplicationEventMulticaster.java:139)
	at org.springframework.context.event.SimpleApplicationEventMulticaster.multicastEvent(SimpleApplicationEventMulticaster.java:127)
	at org.springframework.boot.context.event.EventPublishingRunListener.environmentPrepared(EventPublishingRunListener.java:76)
	at org.springframework.boot.SpringApplicationRunListeners.environmentPrepared(SpringApplicationRunListeners.java:53)
	at org.springframework.boot.SpringApplication.prepareEnvironment(SpringApplication.java:345)
	at org.springframework.boot.SpringApplication.run(SpringApplication.java:308)
	at org.springframework.boot.SpringApplication.run(SpringApplication.java:1226)
	at org.springframework.boot.SpringApplication.run(SpringApplication.java:1215)
	at com.atguigu.hospital.ManageApplication.main(ManageApplication.java:10)
	at sun.reflect.NativeMethodAccessorImpl.invoke0(Native Method)
	at sun.reflect.NativeMethodAccessorImpl.invoke(NativeMethodAccessorImpl.java:62)
	at sun.reflect.DelegatingMethodAccessorImpl.invoke(DelegatingMethodAccessorImpl.java:43)
	at java.lang.reflect.Method.invoke(Method.java:498)
	at org.springframework.boot.devtools.restart.RestartLauncher.run(RestartLauncher.java:49)
